<?xml version="1.0" encoding="UTF-8"?>
<!-- Generated by org.testng.reporters.JUnitReportReporter -->
<testsuite skipped="0" hostname="del1-lhp-N61396" name="com.restAPI.Pets" tests="1" failures="0" timestamp="27 Aug 2020 08:27:56 GMT" time="8.909" errors="0">
  <testcase name="run" time="8.909" classname="com.restAPI.Pets"/>
</testsuite> <!-- com.restAPI.Pets -->
