<?xml version="1.0" encoding="UTF-8"?>
<!-- Generated by org.testng.reporters.JUnitReportReporter -->
<testsuite skipped="0" hostname="del1-lhp-N61396" name="com.feAutomation.OnlineShopAutomation" tests="1" failures="0" timestamp="01 Sep 2020 18:44:07 GMT" time="111.297" errors="0">
  <testcase name="run" time="111.297" classname="com.feAutomation.OnlineShopAutomation"/>
</testsuite> <!-- com.feAutomation.OnlineShopAutomation -->
